d:\cprojects\printf2\printf2\debug\vc142.pdb
d:\cprojects\printf2\printf2\debug\vc142.idb
d:\cprojects\printf2\printf2\debug\printf2.obj
d:\cprojects\printf2\debug\printf2.pdb
d:\cprojects\printf2\printf2\debug\printf2.tlog\cl.command.1.tlog
d:\cprojects\printf2\printf2\debug\printf2.tlog\cl.read.1.tlog
d:\cprojects\printf2\printf2\debug\printf2.tlog\cl.write.1.tlog
d:\cprojects\printf2\printf2\debug\printf2.tlog\link-cvtres.read.1.tlog
d:\cprojects\printf2\printf2\debug\printf2.tlog\link-cvtres.write.1.tlog
d:\cprojects\printf2\printf2\debug\printf2.tlog\link-rc.read.1.tlog
d:\cprojects\printf2\printf2\debug\printf2.tlog\link-rc.write.1.tlog
d:\cprojects\printf2\printf2\debug\printf2.tlog\link.10160-cvtres.read.1.tlog
d:\cprojects\printf2\printf2\debug\printf2.tlog\link.10160-cvtres.write.1.tlog
d:\cprojects\printf2\printf2\debug\printf2.tlog\link.10160-rc.read.1.tlog
d:\cprojects\printf2\printf2\debug\printf2.tlog\link.10160-rc.write.1.tlog
d:\cprojects\printf2\printf2\debug\printf2.tlog\link.10160.read.1.tlog
d:\cprojects\printf2\printf2\debug\printf2.tlog\link.10160.write.1.tlog
d:\cprojects\printf2\printf2\debug\printf2.tlog\link.command.1.tlog
d:\cprojects\printf2\printf2\debug\printf2.tlog\link.read.1.tlog
d:\cprojects\printf2\printf2\debug\printf2.tlog\link.write.1.tlog
